This file contains any messages produced by compilers while
running configure, to aid debugging if configure makes a mistake.

It was created by nudoku configure 2.0.0, which was
generated by GNU Autoconf 2.69.  Invocation command line was

  $ ./configure 

## --------- ##
## Platform. ##
## --------- ##

hostname = Lenovo-ideapad-710S-13IKB
uname -m = x86_64
uname -r = 5.0.0-32-generic
uname -s = Linux
uname -v = #34~18.04.2-Ubuntu SMP Thu Oct 10 10:36:02 UTC 2019

/usr/bin/uname -p = unknown
/bin/uname -X     = unknown

/bin/arch              = unknown
/usr/bin/arch -k       = unknown
/usr/convex/getsysinfo = unknown
/usr/bin/hostinfo      = unknown
/bin/machine           = unknown
/usr/bin/oslevel       = unknown
/bin/universe          = unknown

PATH: /usr/local/sbin
PATH: /usr/local/bin
PATH: /usr/sbin
PATH: /usr/bin
PATH: /sbin
PATH: /bin
PATH: /usr/games
PATH: /usr/local/games
PATH: /snap/bin


## ----------- ##
## Core tests. ##
## ----------- ##

configure:2327: checking for a BSD-compatible install
configure:2395: result: /usr/bin/install -c
configure:2406: checking whether build environment is sane
configure:2461: result: yes
configure:2612: checking for a thread-safe mkdir -p
configure:2651: result: /bin/mkdir -p
configure:2658: checking for gawk
configure:2674: found /usr/bin/gawk
configure:2685: result: gawk
configure:2696: checking whether make sets $(MAKE)
configure:2718: result: yes
configure:2747: checking whether make supports nested variables
configure:2764: result: yes
configure:2940: checking for gcc
configure:2956: found /usr/bin/gcc
configure:2967: result: gcc
configure:3196: checking for C compiler version
configure:3205: gcc --version >&5
gcc (Ubuntu 7.4.0-1ubuntu1~18.04.1) 7.4.0
Copyright (C) 2017 Free Software Foundation, Inc.
This is free software; see the source for copying conditions.  There is NO
warranty; not even for MERCHANTABILITY or FITNESS FOR A PARTICULAR PURPOSE.

configure:3216: $? = 0
configure:3205: gcc -v >&5
Using built-in specs.
COLLECT_GCC=gcc
COLLECT_LTO_WRAPPER=/usr/lib/gcc/x86_64-linux-gnu/7/lto-wrapper
OFFLOAD_TARGET_NAMES=nvptx-none
OFFLOAD_TARGET_DEFAULT=1
Target: x86_64-linux-gnu
Configured with: ../src/configure -v --with-pkgversion='Ubuntu 7.4.0-1ubuntu1~18.04.1' --with-bugurl=file:///usr/share/doc/gcc-7/README.Bugs --enable-languages=c,ada,c++,go,brig,d,fortran,objc,obj-c++ --prefix=/usr --with-gcc-major-version-only --program-suffix=-7 --program-prefix=x86_64-linux-gnu- --enable-shared --enable-linker-build-id --libexecdir=/usr/lib --without-included-gettext --enable-threads=posix --libdir=/usr/lib --enable-nls --with-sysroot=/ --enable-clocale=gnu --enable-libstdcxx-debug --enable-libstdcxx-time=yes --with-default-libstdcxx-abi=new --enable-gnu-unique-object --disable-vtable-verify --enable-libmpx --enable-plugin --enable-default-pie --with-system-zlib --with-target-system-zlib --enable-objc-gc=auto --enable-multiarch --disable-werror --with-arch-32=i686 --with-abi=m64 --with-multilib-list=m32,m64,mx32 --enable-multilib --with-tune=generic --enable-offload-targets=nvptx-none --without-cuda-driver --enable-checking=release --build=x86_64-linux-gnu --host=x86_64-linux-gnu --target=x86_64-linux-gnu
Thread model: posix
gcc version 7.4.0 (Ubuntu 7.4.0-1ubuntu1~18.04.1) 
configure:3216: $? = 0
configure:3205: gcc -V >&5
gcc: error: unrecognized command line option '-V'
gcc: fatal error: no input files
compilation terminated.
configure:3216: $? = 1
configure:3205: gcc -qversion >&5
gcc: error: unrecognized command line option '-qversion'; did you mean '--version'?
gcc: fatal error: no input files
compilation terminated.
configure:3216: $? = 1
configure:3236: checking whether the C compiler works
configure:3258: gcc    conftest.c  >&5
configure:3262: $? = 0
configure:3310: result: yes
configure:3313: checking for C compiler default output file name
configure:3315: result: a.out
configure:3321: checking for suffix of executables
configure:3328: gcc -o conftest    conftest.c  >&5
configure:3332: $? = 0
configure:3354: result: 
configure:3376: checking whether we are cross compiling
configure:3384: gcc -o conftest    conftest.c  >&5
configure:3388: $? = 0
configure:3395: ./conftest
configure:3399: $? = 0
configure:3414: result: no
configure:3419: checking for suffix of object files
configure:3441: gcc -c   conftest.c >&5
configure:3445: $? = 0
configure:3466: result: o
configure:3470: checking whether we are using the GNU C compiler
configure:3489: gcc -c   conftest.c >&5
configure:3489: $? = 0
configure:3498: result: yes
configure:3507: checking whether gcc accepts -g
configure:3527: gcc -c -g  conftest.c >&5
configure:3527: $? = 0
configure:3568: result: yes
configure:3585: checking for gcc option to accept ISO C89
configure:3648: gcc  -c -g -O2  conftest.c >&5
configure:3648: $? = 0
configure:3661: result: none needed
configure:3686: checking whether gcc understands -c and -o together
configure:3708: gcc -c conftest.c -o conftest2.o
configure:3711: $? = 0
configure:3708: gcc -c conftest.c -o conftest2.o
configure:3711: $? = 0
configure:3723: result: yes
configure:3751: checking for style of include used by make
configure:3779: result: GNU
configure:3805: checking dependency style of gcc
configure:3916: result: gcc3
configure:3932: checking for gcc option to accept ISO C99
configure:4081: gcc  -c -g -O2  conftest.c >&5
configure:4081: $? = 0
configure:4094: result: none needed
configure:4347: checking for initscr in -lncursesw
configure:4372: gcc -o conftest -g -O2   conftest.c -lncursesw   >&5
/usr/bin/ld: cannot find -lncursesw
collect2: error: ld returned 1 exit status
configure:4372: $? = 1
configure: failed program was:
| /* confdefs.h */
| #define PACKAGE_NAME "nudoku"
| #define PACKAGE_TARNAME "nudoku"
| #define PACKAGE_VERSION "2.0.0"
| #define PACKAGE_STRING "nudoku 2.0.0"
| #define PACKAGE_BUGREPORT "jubalh@iodoru.org"
| #define PACKAGE_URL ""
| #define PACKAGE "nudoku"
| #define VERSION "2.0.0"
| /* end confdefs.h.  */
| 
| /* Override any GCC internal prototype to avoid an error.
|    Use char because int might match the return type of a GCC
|    builtin and then its argument prototype would still apply.  */
| #ifdef __cplusplus
| extern "C"
| #endif
| char initscr ();
| int
| main ()
| {
| return initscr ();
|   ;
|   return 0;
| }
configure:4381: result: no
configure:4388: checking for initscr in -lncurses
configure:4413: gcc -o conftest -g -O2   conftest.c -lncurses   >&5
configure:4413: $? = 0
configure:4422: result: yes
configure:4454: checking how to run the C preprocessor
configure:4485: gcc -E  conftest.c
configure:4485: $? = 0
configure:4499: gcc -E  conftest.c
conftest.c:12:10: fatal error: ac_nonexistent.h: No such file or directory
 #include <ac_nonexistent.h>
          ^~~~~~~~~~~~~~~~~~
compilation terminated.
configure:4499: $? = 1
configure: failed program was:
| /* confdefs.h */
| #define PACKAGE_NAME "nudoku"
| #define PACKAGE_TARNAME "nudoku"
| #define PACKAGE_VERSION "2.0.0"
| #define PACKAGE_STRING "nudoku 2.0.0"
| #define PACKAGE_BUGREPORT "jubalh@iodoru.org"
| #define PACKAGE_URL ""
| #define PACKAGE "nudoku"
| #define VERSION "2.0.0"
| #define HAVE_LIBNCURSES 1
| /* end confdefs.h.  */
| #include <ac_nonexistent.h>
configure:4524: result: gcc -E
configure:4544: gcc -E  conftest.c
configure:4544: $? = 0
configure:4558: gcc -E  conftest.c
conftest.c:12:10: fatal error: ac_nonexistent.h: No such file or directory
 #include <ac_nonexistent.h>
          ^~~~~~~~~~~~~~~~~~
compilation terminated.
configure:4558: $? = 1
configure: failed program was:
| /* confdefs.h */
| #define PACKAGE_NAME "nudoku"
| #define PACKAGE_TARNAME "nudoku"
| #define PACKAGE_VERSION "2.0.0"
| #define PACKAGE_STRING "nudoku 2.0.0"
| #define PACKAGE_BUGREPORT "jubalh@iodoru.org"
| #define PACKAGE_URL ""
| #define PACKAGE "nudoku"
| #define VERSION "2.0.0"
| #define HAVE_LIBNCURSES 1
| /* end confdefs.h.  */
| #include <ac_nonexistent.h>
configure:4587: checking for grep that handles long lines and -e
configure:4645: result: /bin/grep
configure:4650: checking for egrep
configure:4712: result: /bin/grep -E
configure:4717: checking for ANSI C header files
configure:4737: gcc -c -g -O2  conftest.c >&5
configure:4737: $? = 0
configure:4810: gcc -o conftest -g -O2   conftest.c -lncurses  >&5
configure:4810: $? = 0
configure:4810: ./conftest
configure:4810: $? = 0
configure:4821: result: yes
configure:4834: checking for sys/types.h
configure:4834: gcc -c -g -O2  conftest.c >&5
configure:4834: $? = 0
configure:4834: result: yes
configure:4834: checking for sys/stat.h
configure:4834: gcc -c -g -O2  conftest.c >&5
configure:4834: $? = 0
configure:4834: result: yes
configure:4834: checking for stdlib.h
configure:4834: gcc -c -g -O2  conftest.c >&5
configure:4834: $? = 0
configure:4834: result: yes
configure:4834: checking for string.h
configure:4834: gcc -c -g -O2  conftest.c >&5
configure:4834: $? = 0
configure:4834: result: yes
configure:4834: checking for memory.h
configure:4834: gcc -c -g -O2  conftest.c >&5
configure:4834: $? = 0
configure:4834: result: yes
configure:4834: checking for strings.h
configure:4834: gcc -c -g -O2  conftest.c >&5
configure:4834: $? = 0
configure:4834: result: yes
configure:4834: checking for inttypes.h
configure:4834: gcc -c -g -O2  conftest.c >&5
configure:4834: $? = 0
configure:4834: result: yes
configure:4834: checking for stdint.h
configure:4834: gcc -c -g -O2  conftest.c >&5
configure:4834: $? = 0
configure:4834: result: yes
configure:4834: checking for unistd.h
configure:4834: gcc -c -g -O2  conftest.c >&5
configure:4834: $? = 0
configure:4834: result: yes
configure:4849: checking for stdlib.h
configure:4849: result: yes
configure:4849: checking for string.h
configure:4849: result: yes
configure:4849: checking for unistd.h
configure:4849: result: yes
configure:4861: checking for stdbool.h that conforms to C99
configure:4928: gcc -c -g -O2  conftest.c >&5
configure:4928: $? = 0
configure:4935: result: yes
configure:4937: checking for _Bool
configure:4937: gcc -c -g -O2  conftest.c >&5
configure:4937: $? = 0
configure:4937: gcc -c -g -O2  conftest.c >&5
conftest.c: In function 'main':
conftest.c:61:20: error: expected expression before ')' token
 if (sizeof ((_Bool)))
                    ^
configure:4937: $? = 1
configure: failed program was:
| /* confdefs.h */
| #define PACKAGE_NAME "nudoku"
| #define PACKAGE_TARNAME "nudoku"
| #define PACKAGE_VERSION "2.0.0"
| #define PACKAGE_STRING "nudoku 2.0.0"
| #define PACKAGE_BUGREPORT "jubalh@iodoru.org"
| #define PACKAGE_URL ""
| #define PACKAGE "nudoku"
| #define VERSION "2.0.0"
| #define HAVE_LIBNCURSES 1
| #define STDC_HEADERS 1
| #define HAVE_SYS_TYPES_H 1
| #define HAVE_SYS_STAT_H 1
| #define HAVE_STDLIB_H 1
| #define HAVE_STRING_H 1
| #define HAVE_MEMORY_H 1
| #define HAVE_STRINGS_H 1
| #define HAVE_INTTYPES_H 1
| #define HAVE_STDINT_H 1
| #define HAVE_UNISTD_H 1
| #define HAVE_STDLIB_H 1
| #define HAVE_STRING_H 1
| #define HAVE_UNISTD_H 1
| /* end confdefs.h.  */
| #include <stdio.h>
| #ifdef HAVE_SYS_TYPES_H
| # include <sys/types.h>
| #endif
| #ifdef HAVE_SYS_STAT_H
| # include <sys/stat.h>
| #endif
| #ifdef STDC_HEADERS
| # include <stdlib.h>
| # include <stddef.h>
| #else
| # ifdef HAVE_STDLIB_H
| #  include <stdlib.h>
| # endif
| #endif
| #ifdef HAVE_STRING_H
| # if !defined STDC_HEADERS && defined HAVE_MEMORY_H
| #  include <memory.h>
| # endif
| # include <string.h>
| #endif
| #ifdef HAVE_STRINGS_H
| # include <strings.h>
| #endif
| #ifdef HAVE_INTTYPES_H
| # include <inttypes.h>
| #endif
| #ifdef HAVE_STDINT_H
| # include <stdint.h>
| #endif
| #ifdef HAVE_UNISTD_H
| # include <unistd.h>
| #endif
| int
| main ()
| {
| if (sizeof ((_Bool)))
| 	    return 0;
|   ;
|   return 0;
| }
configure:4937: result: yes
configure:4952: checking for a sed that does not truncate output
configure:5016: result: /bin/sed
configure:5022: checking whether NLS is requested
configure:5031: result: yes
configure:5071: checking for msgfmt
configure: trying /usr/bin/msgfmt...
0 translated messages.
configure:5103: result: /usr/bin/msgfmt
configure:5112: checking for gmsgfmt
configure:5143: result: /usr/bin/msgfmt
configure:5193: checking for xgettext
configure: trying /usr/bin/xgettext...
/usr/bin/xgettext: warning: file '/dev/null' extension '' is unknown; will try C
configure:5225: result: /usr/bin/xgettext
configure:5270: checking for msgmerge
configure: trying /usr/bin/msgmerge...
configure:5301: result: /usr/bin/msgmerge
configure:5338: checking build system type
configure:5352: result: x86_64-pc-linux-gnu
configure:5372: checking host system type
configure:5385: result: x86_64-pc-linux-gnu
configure:5430: checking for ld used by gcc
configure:5497: result: /usr/bin/ld
configure:5504: checking if the linker (/usr/bin/ld) is GNU ld
configure:5519: result: yes
configure:5526: checking for shared library run path origin
configure:5539: result: done
configure:6111: checking for CFPreferencesCopyAppValue
configure:6129: gcc -o conftest -g -O2   conftest.c -lncurses  -Wl,-framework -Wl,CoreFoundation >&5
conftest.c:26:10: fatal error: CoreFoundation/CFPreferences.h: No such file or directory
 #include <CoreFoundation/CFPreferences.h>
          ^~~~~~~~~~~~~~~~~~~~~~~~~~~~~~~~
compilation terminated.
configure:6129: $? = 1
configure: failed program was:
| /* confdefs.h */
| #define PACKAGE_NAME "nudoku"
| #define PACKAGE_TARNAME "nudoku"
| #define PACKAGE_VERSION "2.0.0"
| #define PACKAGE_STRING "nudoku 2.0.0"
| #define PACKAGE_BUGREPORT "jubalh@iodoru.org"
| #define PACKAGE_URL ""
| #define PACKAGE "nudoku"
| #define VERSION "2.0.0"
| #define HAVE_LIBNCURSES 1
| #define STDC_HEADERS 1
| #define HAVE_SYS_TYPES_H 1
| #define HAVE_SYS_STAT_H 1
| #define HAVE_STDLIB_H 1
| #define HAVE_STRING_H 1
| #define HAVE_MEMORY_H 1
| #define HAVE_STRINGS_H 1
| #define HAVE_INTTYPES_H 1
| #define HAVE_STDINT_H 1
| #define HAVE_UNISTD_H 1
| #define HAVE_STDLIB_H 1
| #define HAVE_STRING_H 1
| #define HAVE_UNISTD_H 1
| #define HAVE__BOOL 1
| /* end confdefs.h.  */
| #include <CoreFoundation/CFPreferences.h>
| int
| main ()
| {
| CFPreferencesCopyAppValue(NULL, NULL)
|   ;
|   return 0;
| }
configure:6138: result: no
configure:6145: checking for CFLocaleCopyCurrent
configure:6163: gcc -o conftest -g -O2   conftest.c -lncurses  -Wl,-framework -Wl,CoreFoundation >&5
conftest.c:26:10: fatal error: CoreFoundation/CFLocale.h: No such file or directory
 #include <CoreFoundation/CFLocale.h>
          ^~~~~~~~~~~~~~~~~~~~~~~~~~~
compilation terminated.
configure:6163: $? = 1
configure: failed program was:
| /* confdefs.h */
| #define PACKAGE_NAME "nudoku"
| #define PACKAGE_TARNAME "nudoku"
| #define PACKAGE_VERSION "2.0.0"
| #define PACKAGE_STRING "nudoku 2.0.0"
| #define PACKAGE_BUGREPORT "jubalh@iodoru.org"
| #define PACKAGE_URL ""
| #define PACKAGE "nudoku"
| #define VERSION "2.0.0"
| #define HAVE_LIBNCURSES 1
| #define STDC_HEADERS 1
| #define HAVE_SYS_TYPES_H 1
| #define HAVE_SYS_STAT_H 1
| #define HAVE_STDLIB_H 1
| #define HAVE_STRING_H 1
| #define HAVE_MEMORY_H 1
| #define HAVE_STRINGS_H 1
| #define HAVE_INTTYPES_H 1
| #define HAVE_STDINT_H 1
| #define HAVE_UNISTD_H 1
| #define HAVE_STDLIB_H 1
| #define HAVE_STRING_H 1
| #define HAVE_UNISTD_H 1
| #define HAVE__BOOL 1
| /* end confdefs.h.  */
| #include <CoreFoundation/CFLocale.h>
| int
| main ()
| {
| CFLocaleCopyCurrent();
|   ;
|   return 0;
| }
configure:6172: result: no
configure:6221: checking for GNU gettext in libc
configure:6250: gcc -o conftest -g -O2   conftest.c -lncurses  >&5
configure:6250: $? = 0
configure:6259: result: yes
configure:7106: checking whether to use NLS
configure:7108: result: yes
configure:7111: checking where the gettext function comes from
configure:7122: result: libc
configure:7183: checking for stdlib.h
configure:7183: result: yes
configure:7193: checking for GNU libc compatible malloc
configure:7217: gcc -o conftest -g -O2   conftest.c -lncurses  >&5
configure:7217: $? = 0
configure:7217: ./conftest
configure:7217: $? = 0
configure:7227: result: yes
configure:7251: checking for atexit
configure:7251: gcc -o conftest -g -O2   conftest.c -lncurses  >&5
configure:7251: $? = 0
configure:7251: result: yes
configure:7251: checking for strdup
configure:7251: gcc -o conftest -g -O2   conftest.c -lncurses  >&5
conftest.c:55:6: warning: conflicting types for built-in function 'strdup' [-Wbuiltin-declaration-mismatch]
 char strdup ();
      ^~~~~~
configure:7251: $? = 0
configure:7251: result: yes
configure:7411: checking that generated files are newer than configure
configure:7417: result: done
configure:7452: creating ./config.status

## ---------------------- ##
## Running config.status. ##
## ---------------------- ##

This file was extended by nudoku config.status 2.0.0, which was
generated by GNU Autoconf 2.69.  Invocation command line was

  CONFIG_FILES    = 
  CONFIG_HEADERS  = 
  CONFIG_LINKS    = 
  CONFIG_COMMANDS = 
  $ ./config.status 

on Lenovo-ideapad-710S-13IKB

config.status:824: creating Makefile
config.status:824: creating src/Makefile
config.status:824: creating po/Makefile.in
config.status:996: executing depfiles commands
config.status:996: executing po-directories commands

## ---------------- ##
## Cache variables. ##
## ---------------- ##

ac_cv_build=x86_64-pc-linux-gnu
ac_cv_c_compiler_gnu=yes
ac_cv_env_CAIRO_CFLAGS_set=
ac_cv_env_CAIRO_CFLAGS_value=
ac_cv_env_CAIRO_LIBS_set=
ac_cv_env_CAIRO_LIBS_value=
ac_cv_env_CC_set=
ac_cv_env_CC_value=
ac_cv_env_CFLAGS_set=
ac_cv_env_CFLAGS_value=
ac_cv_env_CPPFLAGS_set=
ac_cv_env_CPPFLAGS_value=
ac_cv_env_CPP_set=
ac_cv_env_CPP_value=
ac_cv_env_LDFLAGS_set=
ac_cv_env_LDFLAGS_value=
ac_cv_env_LIBS_set=
ac_cv_env_LIBS_value=
ac_cv_env_PKG_CONFIG_LIBDIR_set=
ac_cv_env_PKG_CONFIG_LIBDIR_value=
ac_cv_env_PKG_CONFIG_PATH_set=
ac_cv_env_PKG_CONFIG_PATH_value=
ac_cv_env_PKG_CONFIG_set=
ac_cv_env_PKG_CONFIG_value=
ac_cv_env_build_alias_set=
ac_cv_env_build_alias_value=
ac_cv_env_host_alias_set=
ac_cv_env_host_alias_value=
ac_cv_env_target_alias_set=
ac_cv_env_target_alias_value=
ac_cv_func_atexit=yes
ac_cv_func_malloc_0_nonnull=yes
ac_cv_func_strdup=yes
ac_cv_header_inttypes_h=yes
ac_cv_header_memory_h=yes
ac_cv_header_stdbool_h=yes
ac_cv_header_stdc=yes
ac_cv_header_stdint_h=yes
ac_cv_header_stdlib_h=yes
ac_cv_header_string_h=yes
ac_cv_header_strings_h=yes
ac_cv_header_sys_stat_h=yes
ac_cv_header_sys_types_h=yes
ac_cv_header_unistd_h=yes
ac_cv_host=x86_64-pc-linux-gnu
ac_cv_lib_ncurses_initscr=yes
ac_cv_lib_ncursesw_initscr=no
ac_cv_objext=o
ac_cv_path_EGREP='/bin/grep -E'
ac_cv_path_GMSGFMT=/usr/bin/msgfmt
ac_cv_path_GREP=/bin/grep
ac_cv_path_MSGFMT=/usr/bin/msgfmt
ac_cv_path_MSGMERGE=/usr/bin/msgmerge
ac_cv_path_SED=/bin/sed
ac_cv_path_XGETTEXT=/usr/bin/xgettext
ac_cv_path_install='/usr/bin/install -c'
ac_cv_path_mkdir=/bin/mkdir
ac_cv_prog_AWK=gawk
ac_cv_prog_CPP='gcc -E'
ac_cv_prog_ac_ct_CC=gcc
ac_cv_prog_cc_c89=
ac_cv_prog_cc_c99=
ac_cv_prog_cc_g=yes
ac_cv_prog_make_make_set=yes
ac_cv_type__Bool=yes
acl_cv_hardcode_direct=no
acl_cv_hardcode_libdir_flag_spec='${wl}-rpath ${wl}$libdir'
acl_cv_hardcode_libdir_separator=
acl_cv_hardcode_minus_L=no
acl_cv_libext=a
acl_cv_libname_spec='lib$name'
acl_cv_library_names_spec='$libname$shrext'
acl_cv_path_LD=/usr/bin/ld
acl_cv_prog_gnu_ld=yes
acl_cv_rpath=done
acl_cv_shlibext=so
acl_cv_wl=-Wl,
am_cv_CC_dependencies_compiler_type=gcc3
am_cv_make_support_nested_variables=yes
am_cv_prog_cc_c_o=yes
gt_cv_func_CFLocaleCopyCurrent=no
gt_cv_func_CFPreferencesCopyAppValue=no
gt_cv_func_gnugettext1_libc=yes

## ----------------- ##
## Output variables. ##
## ----------------- ##

ACLOCAL='${SHELL} /home/geek2pm/console_games/nudoku/missing aclocal-1.15'
AMDEPBACKSLASH='\'
AMDEP_FALSE='#'
AMDEP_TRUE=''
AMTAR='$${TAR-tar}'
AM_BACKSLASH='\'
AM_DEFAULT_V='$(AM_DEFAULT_VERBOSITY)'
AM_DEFAULT_VERBOSITY='1'
AM_V='$(V)'
AUTOCONF='${SHELL} /home/geek2pm/console_games/nudoku/missing autoconf'
AUTOHEADER='${SHELL} /home/geek2pm/console_games/nudoku/missing autoheader'
AUTOMAKE='${SHELL} /home/geek2pm/console_games/nudoku/missing automake-1.15'
AWK='gawk'
BUILD_CAIRO_FALSE=''
BUILD_CAIRO_TRUE='#'
CAIRO_CFLAGS=''
CAIRO_LIBS=''
CC='gcc'
CCDEPMODE='depmode=gcc3'
CFLAGS='-g -O2'
CPP='gcc -E'
CPPFLAGS=''
CYGPATH_W='echo'
DEFS='-DPACKAGE_NAME=\"nudoku\" -DPACKAGE_TARNAME=\"nudoku\" -DPACKAGE_VERSION=\"2.0.0\" -DPACKAGE_STRING=\"nudoku\ 2.0.0\" -DPACKAGE_BUGREPORT=\"jubalh@iodoru.org\" -DPACKAGE_URL=\"\" -DPACKAGE=\"nudoku\" -DVERSION=\"2.0.0\" -DHAVE_LIBNCURSES=1 -DSTDC_HEADERS=1 -DHAVE_SYS_TYPES_H=1 -DHAVE_SYS_STAT_H=1 -DHAVE_STDLIB_H=1 -DHAVE_STRING_H=1 -DHAVE_MEMORY_H=1 -DHAVE_STRINGS_H=1 -DHAVE_INTTYPES_H=1 -DHAVE_STDINT_H=1 -DHAVE_UNISTD_H=1 -DHAVE_STDLIB_H=1 -DHAVE_STRING_H=1 -DHAVE_UNISTD_H=1 -DHAVE__BOOL=1 -DENABLE_NLS=1 -DHAVE_GETTEXT=1 -DHAVE_DCGETTEXT=1 -DHAVE_STDLIB_H=1 -DHAVE_MALLOC=1 -DHAVE_ATEXIT=1 -DHAVE_STRDUP=1'
DEPDIR='.deps'
ECHO_C=''
ECHO_N='-n'
ECHO_T=''
EGREP='/bin/grep -E'
EXEEXT=''
GETTEXT_MACRO_VERSION='0.19'
GMSGFMT='/usr/bin/msgfmt'
GMSGFMT_015='/usr/bin/msgfmt'
GREP='/bin/grep'
HAVE_WIDE_NCURSES_FALSE=''
HAVE_WIDE_NCURSES_TRUE='#'
INSTALL_DATA='${INSTALL} -m 644'
INSTALL_PROGRAM='${INSTALL}'
INSTALL_SCRIPT='${INSTALL}'
INSTALL_STRIP_PROGRAM='$(install_sh) -c -s'
INTLLIBS=''
INTL_MACOSX_LIBS=''
LDFLAGS=''
LIBICONV='-liconv'
LIBINTL=''
LIBOBJS=''
LIBS='-lncurses '
LTLIBICONV='-liconv'
LTLIBINTL=''
LTLIBOBJS=''
MAKEINFO='${SHELL} /home/geek2pm/console_games/nudoku/missing makeinfo'
MKDIR_P='/bin/mkdir -p'
MSGFMT='/usr/bin/msgfmt'
MSGFMT_015='/usr/bin/msgfmt'
MSGMERGE='/usr/bin/msgmerge'
OBJEXT='o'
PACKAGE='nudoku'
PACKAGE_BUGREPORT='jubalh@iodoru.org'
PACKAGE_NAME='nudoku'
PACKAGE_STRING='nudoku 2.0.0'
PACKAGE_TARNAME='nudoku'
PACKAGE_URL=''
PACKAGE_VERSION='2.0.0'
PATH_SEPARATOR=':'
PKG_CONFIG=''
PKG_CONFIG_LIBDIR=''
PKG_CONFIG_PATH=''
POSUB='po'
SED='/bin/sed'
SET_MAKE=''
SHELL='/bin/bash'
STRIP=''
USE_NLS='yes'
VERSION='2.0.0'
XGETTEXT='/usr/bin/xgettext'
XGETTEXT_015='/usr/bin/xgettext'
XGETTEXT_EXTRA_OPTIONS=''
ac_ct_CC='gcc'
am__EXEEXT_FALSE=''
am__EXEEXT_TRUE='#'
am__fastdepCC_FALSE='#'
am__fastdepCC_TRUE=''
am__include='include'
am__isrc=''
am__leading_dot='.'
am__nodep='_no'
am__quote=''
am__tar='$${TAR-tar} chof - "$$tardir"'
am__untar='$${TAR-tar} xf -'
bindir='${exec_prefix}/bin'
build='x86_64-pc-linux-gnu'
build_alias=''
build_cpu='x86_64'
build_os='linux-gnu'
build_vendor='pc'
datadir='${datarootdir}'
datarootdir='${prefix}/share'
docdir='${datarootdir}/doc/${PACKAGE_TARNAME}'
dvidir='${docdir}'
exec_prefix='${prefix}'
host='x86_64-pc-linux-gnu'
host_alias=''
host_cpu='x86_64'
host_os='linux-gnu'
host_vendor='pc'
htmldir='${docdir}'
includedir='${prefix}/include'
infodir='${datarootdir}/info'
install_sh='${SHELL} /home/geek2pm/console_games/nudoku/install-sh'
libdir='${exec_prefix}/lib'
libexecdir='${exec_prefix}/libexec'
localedir='${datarootdir}/locale'
localstatedir='${prefix}/var'
mandir='${datarootdir}/man'
mkdir_p='$(MKDIR_P)'
oldincludedir='/usr/include'
pdfdir='${docdir}'
prefix='/usr/local'
program_transform_name='s,x,x,'
psdir='${docdir}'
runstatedir='${localstatedir}/run'
sbindir='${exec_prefix}/sbin'
sharedstatedir='${prefix}/com'
sysconfdir='${prefix}/etc'
target_alias=''

## ----------- ##
## confdefs.h. ##
## ----------- ##

/* confdefs.h */
#define PACKAGE_NAME "nudoku"
#define PACKAGE_TARNAME "nudoku"
#define PACKAGE_VERSION "2.0.0"
#define PACKAGE_STRING "nudoku 2.0.0"
#define PACKAGE_BUGREPORT "jubalh@iodoru.org"
#define PACKAGE_URL ""
#define PACKAGE "nudoku"
#define VERSION "2.0.0"
#define HAVE_LIBNCURSES 1
#define STDC_HEADERS 1
#define HAVE_SYS_TYPES_H 1
#define HAVE_SYS_STAT_H 1
#define HAVE_STDLIB_H 1
#define HAVE_STRING_H 1
#define HAVE_MEMORY_H 1
#define HAVE_STRINGS_H 1
#define HAVE_INTTYPES_H 1
#define HAVE_STDINT_H 1
#define HAVE_UNISTD_H 1
#define HAVE_STDLIB_H 1
#define HAVE_STRING_H 1
#define HAVE_UNISTD_H 1
#define HAVE__BOOL 1
#define ENABLE_NLS 1
#define HAVE_GETTEXT 1
#define HAVE_DCGETTEXT 1
#define HAVE_STDLIB_H 1
#define HAVE_MALLOC 1
#define HAVE_ATEXIT 1
#define HAVE_STRDUP 1

configure: exit 0
